<?xml version="1.0" encoding="UTF-8"?>
<!-- Generated by org.testng.reporters.JUnitXMLReporter -->
<testsuite hostname="DESKTOP-86SU9N9" ignored="2" name="Test" tests="3" failures="0" timestamp="2020-03-30T21:53:11 PDT" time="16.0" errors="0">
  <testcase name="getreq" time="6.855" classname="chaining.Getchnreq"/>
  <testcase name="createreq" time="4.232" classname="chaining.Createchangereq"/>
  <testcase name="delreq" time="4.862" classname="chaining.Deletechangereq"/>
  <testcase name="@BeforeSuite base" time="0.0" classname="chaining.Basereq">
    <ignored/>
  </testcase> <!-- @BeforeSuite base -->
  <testcase name="@BeforeSuite base" time="0.0" classname="chaining.Basereq">
    <ignored/>
  </testcase> <!-- @BeforeSuite base -->
</testsuite> <!-- Test -->
