<?xml version="1.0" encoding="UTF-8"?>
<testng-results skipped="0" failed="0" ignored="0" total="1" passed="1">
  <reporter-output>
  </reporter-output>
  <suite name="Default suite" duration-ms="3604" started-at="2020-04-06T16:09:27 PDT" finished-at="2020-04-06T16:09:31 PDT">
    <groups>
    </groups>
    <test name="Default test" duration-ms="3604" started-at="2020-04-06T16:09:27 PDT" finished-at="2020-04-06T16:09:31 PDT">
      <class name="jiraAssignments.Createissue">
        <test-method status="PASS" signature="base()[pri:0, instance:jiraAssignments.Createissue@3224f60b]" name="base" is-config="true" duration-ms="543" started-at="2020-04-06T16:09:27 PDT" finished-at="2020-04-06T16:09:27 PDT">
          <reporter-output>
          </reporter-output>
        </test-method> <!-- base -->
        <test-method status="PASS" signature="postissue()[pri:0, instance:jiraAssignments.Createissue@3224f60b]" name="postissue" duration-ms="3546" started-at="2020-04-06T16:09:27 PDT" finished-at="2020-04-06T16:09:31 PDT">
          <reporter-output>
          </reporter-output>
        </test-method> <!-- postissue -->
      </class> <!-- jiraAssignments.Createissue -->
    </test> <!-- Default test -->
  </suite> <!-- Default suite -->
</testng-results>
